
--------------------------------------------------
TXLib соболезнует...

Программа: D:\МАКСим хижов\Test-main\main.exe, файл: c:\codeblocks\codeblocks\mingw\include\txlib.h, строка: 13628, функция: bool {anonymous}::TX::txBitBlt(HDC, double, double, double, double, HDC, double, double, unsigned int),

Сообщение: Параметр "sourceImage" неверен. Возможно, этот холст не создан, или уже уничтожен, или не загрузилась картинка.

#1: TXLib [Ver: 00173a, Rev: 171, Date: 2022-07-23 02:08:28 +0400], Instance: 0x005062FC (32-bit), Flags: CMdRe0, Thread: 0x420 (Main), GetLastError(): 13 (Недопустимые данные). 

--------------------------------------------------
Стек вызовов:

# 0 0x004221C3 in D:\МАКСим хижов\Test-main\main.exe: txBitBlt() at c:/codeblocks/codeblocks/mingw/include/txlib.h (13628)

# 1 0x0042BE3B in D:\МАКСим хижов\Test-main\main.exe: draw_answer() at D:/МАКСим хижов/Test-main/main.cpp (23):

     21:  {
     22:     txRectangle (x, 200, x+300, 450);
=>   23:     txBitBlt(txDC(),x, 200,300,250, pic_answer );
     24:     txDrawText(x, 450, x+300, 550,text_answer.c_str());
     25: 

# 2 0x0042C7D3 in D:\МАКСим хижов\Test-main\main.exe: main() at D:/МАКСим хижов/Test-main/main.cpp (107):

    105:     txDrawText(0,0,1100,200,queestion_buffer.text_queestion.c_str());
    106: 
=>  107:     draw_answer(50,queestion_buffer.pic_answer1 ,queestion_buffer.text_answer1 );
    108:     draw_answer(400,queestion_buffer.pic_answer2 ,queestion_buffer.text_answer2 );
    109:     draw_answer(750,queestion_buffer.pic_answer3 ,queestion_buffer.text_answer3 );

--------------------------------------------------
Стек вызовов TX:

# 0 in bool {anonymous}::TX::txBitBlt(HDC, double, double, double, double, HDC, double, double, unsigned int) at c:\codeblocks\codeblocks\mingw\include\txlib.h (13628):

  13626:     {
  13627: $1  if (_TX_HDC_FAILED (destImage))   return false;
=>13628: $   if (_TX_HDC_FAILED (sourceImage)) return false;
  13629: 
  13630: $   POINT size = txGetExtent (sourceImage);

# 1 in void draw_answer(int, HDC, std::string) at D:\МАКСим хижов\Test-main\main.cpp (23):

     21:  {
     22:     txRectangle (x, 200, x+300, 450);
=>   23:     txBitBlt(txDC(),x, 200,300,250, pic_answer );
     24:     txDrawText(x, 450, x+300, 550,text_answer.c_str());
     25: 

--------------------------------------------------
Developed with:

The Dumb Artist Library (TX Library)
TXLib [Ver: 00173a, Rev: 171, Date: 2022-07-23 02:08:28 +0400]
Copyright (C) Ded (Ilya Dedinsky, http://txlib.ru) <mail@txlib.ru>
See license on: http://txlib.ru

TXLib file:	c:\codeblocks\codeblocks\mingw\include\txlib.h
Compiled:	May 29 2023 19:03:58, GNU g++ 4.8.1, std=201103L, MinGW Runtime 3.20, 32-bit, DEBUG
Started:	May 29 2023 19:04:15

Run file:	D:\МАКСим хижов\Test-main\main.exe
Directory:	D:\МАКСим хижов\Test-main

--------------------------------------------------

--------------------------------------------------
TXLib соболезнует...

Программа: D:\МАКСим хижов\Test-main\main.exe, файл: c:\codeblocks\codeblocks\mingw\include\txlib.h, строка: 13628, функция: bool {anonymous}::TX::txBitBlt(HDC, double, double, double, double, HDC, double, double, unsigned int),

Сообщение: Параметр "sourceImage" неверен. Возможно, этот холст не создан, или уже уничтожен, или не загрузилась картинка.

#1: TXLib [Ver: 00173a, Rev: 171, Date: 2022-07-23 02:08:28 +0400], Instance: 0x005062FC (32-bit), Flags: CMdRe0, Thread: 0x2064 (Main), GetLastError(): 13 (Недопустимые данные). 

--------------------------------------------------
Стек вызовов:

# 0 0x004221C3 in D:\МАКСим хижов\Test-main\main.exe: txBitBlt() at c:/codeblocks/codeblocks/mingw/include/txlib.h (13628)

# 1 0x0042BE3B in D:\МАКСим хижов\Test-main\main.exe: draw_answer() at D:/МАКСим хижов/Test-main/main.cpp (23):

     21:  {
     22:     txRectangle (x, 200, x+300, 450);
=>   23:     txBitBlt(txDC(),x, 200,300,250, pic_answer );
     24:     txDrawText(x, 450, x+300, 550,text_answer.c_str());
     25:  }

# 2 0x0042C7D3 in D:\МАКСим хижов\Test-main\main.exe: main() at D:/МАКСим хижов/Test-main/main.cpp (106):

    104:     txDrawText(0,0,1100,200,queestion_buffer.text_queestion.c_str());
    105: 
=>  106:     draw_answer(50,queestion_buffer.pic_answer1 ,queestion_buffer.text_answer1 );
    107:     draw_answer(400,queestion_buffer.pic_answer2 ,queestion_buffer.text_answer2 );
    108:     draw_answer(750,queestion_buffer.pic_answer3 ,queestion_buffer.text_answer3 );

--------------------------------------------------
Стек вызовов TX:

# 0 in bool {anonymous}::TX::txBitBlt(HDC, double, double, double, double, HDC, double, double, unsigned int) at c:\codeblocks\codeblocks\mingw\include\txlib.h (13628):

  13626:     {
  13627: $1  if (_TX_HDC_FAILED (destImage))   return false;
=>13628: $   if (_TX_HDC_FAILED (sourceImage)) return false;
  13629: 
  13630: $   POINT size = txGetExtent (sourceImage);

# 1 in void draw_answer(int, HDC, std::string) at D:\МАКСим хижов\Test-main\main.cpp (23):

     21:  {
     22:     txRectangle (x, 200, x+300, 450);
=>   23:     txBitBlt(txDC(),x, 200,300,250, pic_answer );
     24:     txDrawText(x, 450, x+300, 550,text_answer.c_str());
     25:  }

--------------------------------------------------
Developed with:

The Dumb Artist Library (TX Library)
TXLib [Ver: 00173a, Rev: 171, Date: 2022-07-23 02:08:28 +0400]
Copyright (C) Ded (Ilya Dedinsky, http://txlib.ru) <mail@txlib.ru>
See license on: http://txlib.ru

TXLib file:	c:\codeblocks\codeblocks\mingw\include\txlib.h
Compiled:	May 29 2023 19:07:23, GNU g++ 4.8.1, std=201103L, MinGW Runtime 3.20, 32-bit, DEBUG
Started:	May 29 2023 19:07:40

Run file:	D:\МАКСим хижов\Test-main\main.exe
Directory:	D:\МАКСим хижов\Test-main

--------------------------------------------------

--------------------------------------------------
TXLib соболезнует...

Программа: D:\МАКСим хижов\Test-main\main.exe, файл: c:\codeblocks\codeblocks\mingw\include\txlib.h, строка: 13628, функция: bool {anonymous}::TX::txBitBlt(HDC, double, double, double, double, HDC, double, double, unsigned int),

Сообщение: Параметр "sourceImage" неверен. Возможно, этот холст не создан, или уже уничтожен, или не загрузилась картинка.

#1: TXLib [Ver: 00173a, Rev: 171, Date: 2022-07-23 02:08:28 +0400], Instance: 0x005062FC (32-bit), Flags: CMdRe0, Thread: 0x1C90 (Main), GetLastError(): 13 (Недопустимые данные). 

--------------------------------------------------
Стек вызовов:

# 0 0x004221C3 in D:\МАКСим хижов\Test-main\main.exe: txBitBlt() at c:/codeblocks/codeblocks/mingw/include/txlib.h (13628)

# 1 0x0042BE3B in D:\МАКСим хижов\Test-main\main.exe: draw_answer() at D:/МАКСим хижов/Test-main/main.cpp (23):

     21:  {
     22:     txRectangle (x, 200, x+300, 450);
=>   23:     txBitBlt(txDC(),x, 200,300,250, pic_answer );
     24:     txDrawText(x, 450, x+300, 550,text_answer.c_str());
     25:  }

# 2 0x0042C8AB in D:\МАКСим хижов\Test-main\main.exe: main() at D:/МАКСим хижов/Test-main/main.cpp (110):

    108:     draw_answer(50,queestion_buffer.pic_answer1 ,queestion_buffer.text_answer1 );
    109:     draw_answer(400,queestion_buffer.pic_answer2 ,queestion_buffer.text_answer2 );
=>  110:     draw_answer(750,queestion_buffer.pic_answer3 ,queestion_buffer.text_answer3 );
    111: 
    112:      if( Click_answer(50) )

--------------------------------------------------
Стек вызовов TX:

# 0 in bool {anonymous}::TX::txBitBlt(HDC, double, double, double, double, HDC, double, double, unsigned int) at c:\codeblocks\codeblocks\mingw\include\txlib.h (13628):

  13626:     {
  13627: $1  if (_TX_HDC_FAILED (destImage))   return false;
=>13628: $   if (_TX_HDC_FAILED (sourceImage)) return false;
  13629: 
  13630: $   POINT size = txGetExtent (sourceImage);

# 1 in void draw_answer(int, HDC, std::string) at D:\МАКСим хижов\Test-main\main.cpp (23):

     21:  {
     22:     txRectangle (x, 200, x+300, 450);
=>   23:     txBitBlt(txDC(),x, 200,300,250, pic_answer );
     24:     txDrawText(x, 450, x+300, 550,text_answer.c_str());
     25:  }

--------------------------------------------------
Developed with:

The Dumb Artist Library (TX Library)
TXLib [Ver: 00173a, Rev: 171, Date: 2022-07-23 02:08:28 +0400]
Copyright (C) Ded (Ilya Dedinsky, http://txlib.ru) <mail@txlib.ru>
See license on: http://txlib.ru

TXLib file:	c:\codeblocks\codeblocks\mingw\include\txlib.h
Compiled:	May 29 2023 19:09:43, GNU g++ 4.8.1, std=201103L, MinGW Runtime 3.20, 32-bit, DEBUG
Started:	May 29 2023 19:10:00

Run file:	D:\МАКСим хижов\Test-main\main.exe
Directory:	D:\МАКСим хижов\Test-main

--------------------------------------------------

--------------------------------------------------
TXLib соболезнует...

Программа: D:\МАКСим хижов\Test-main\main.exe, файл: c:\codeblocks\codeblocks\mingw\include\txlib.h, строка: 13628, функция: bool {anonymous}::TX::txBitBlt(HDC, double, double, double, double, HDC, double, double, unsigned int),

Сообщение: Параметр "sourceImage" неверен. Возможно, этот холст не создан, или уже уничтожен, или не загрузилась картинка.

#1: TXLib [Ver: 00173a, Rev: 171, Date: 2022-07-23 02:08:28 +0400], Instance: 0x005062FC (32-bit), Flags: CMdRe0, Thread: 0x2DB4 (Main), GetLastError(): 13 (Недопустимые данные). 

--------------------------------------------------
Стек вызовов:

# 0 0x004221C3 in D:\МАКСим хижов\Test-main\main.exe: txBitBlt() at c:/codeblocks/codeblocks/mingw/include/txlib.h (13628)

# 1 0x0042BE3B in D:\МАКСим хижов\Test-main\main.exe: draw_answer() at D:/МАКСим хижов/Test-main/main.cpp (23):

     21:  {
     22:     txRectangle (x, 200, x+300, 450);
=>   23:     txBitBlt(txDC(),x, 200,300,250, pic_answer );
     24:     txDrawText(x, 450, x+300, 550,text_answer.c_str());
     25:  }

# 2 0x0042C8AB in D:\МАКСим хижов\Test-main\main.exe: main() at D:/МАКСим хижов/Test-main/main.cpp (110):

    108:     draw_answer(50,queestion_buffer.pic_answer1 ,queestion_buffer.text_answer1 );
    109:     draw_answer(400,queestion_buffer.pic_answer2 ,queestion_buffer.text_answer2 );
=>  110:     draw_answer(750,queestion_buffer.pic_answer3 ,queestion_buffer.text_answer3 );
    111: 
    112:      if( Click_answer(50) )

--------------------------------------------------
Стек вызовов TX:

# 0 in bool {anonymous}::TX::txBitBlt(HDC, double, double, double, double, HDC, double, double, unsigned int) at c:\codeblocks\codeblocks\mingw\include\txlib.h (13628):

  13626:     {
  13627: $1  if (_TX_HDC_FAILED (destImage))   return false;
=>13628: $   if (_TX_HDC_FAILED (sourceImage)) return false;
  13629: 
  13630: $   POINT size = txGetExtent (sourceImage);

# 1 in void draw_answer(int, HDC, std::string) at D:\МАКСим хижов\Test-main\main.cpp (23):

     21:  {
     22:     txRectangle (x, 200, x+300, 450);
=>   23:     txBitBlt(txDC(),x, 200,300,250, pic_answer );
     24:     txDrawText(x, 450, x+300, 550,text_answer.c_str());
     25:  }

--------------------------------------------------
Developed with:

The Dumb Artist Library (TX Library)
TXLib [Ver: 00173a, Rev: 171, Date: 2022-07-23 02:08:28 +0400]
Copyright (C) Ded (Ilya Dedinsky, http://txlib.ru) <mail@txlib.ru>
See license on: http://txlib.ru

TXLib file:	c:\codeblocks\codeblocks\mingw\include\txlib.h
Compiled:	May 29 2023 19:10:32, GNU g++ 4.8.1, std=201103L, MinGW Runtime 3.20, 32-bit, DEBUG
Started:	May 29 2023 19:10:49

Run file:	D:\МАКСим хижов\Test-main\main.exe
Directory:	D:\МАКСим хижов\Test-main

--------------------------------------------------

--------------------------------------------------
TXLib соболезнует...

Программа: D:\МАКСим хижов\Test-main\main.exe, файл: c:\codeblocks\codeblocks\mingw\include\txlib.h, строка: 10851, функция: bool {anonymous}::TX::_txBuffer_Delete(HDC__**),

Сообщение: Параметр "*dc" неверен. Возможно, этот холст не создан, или уже уничтожен, или не загрузилась картинка.

#1: TXLib [Ver: 00173a, Rev: 171, Date: 2022-07-23 02:08:28 +0400], Instance: 0x005062FC (32-bit), Flags: CMdRe0, Thread: 0x1D10 (Main), GetLastError(): 13 (Недопустимые данные). 

--------------------------------------------------
Стек вызовов:

# 0 0x0041075E in D:\МАКСим хижов\Test-main\main.exe: _txBuffer_Delete() at c:/codeblocks/codeblocks/mingw/include/txlib.h (10851)
# 1 0x00421DB7 in D:\МАКСим хижов\Test-main\main.exe: txDeleteDC() at c:/codeblocks/codeblocks/mingw/include/txlib.h (13597)
# 2 0x00422027 in D:\МАКСим хижов\Test-main\main.exe: txDeleteDC() at c:/codeblocks/codeblocks/mingw/include/txlib.h (13619)

# 3 0x0042CB55 in D:\МАКСим хижов\Test-main\main.exe: main() at D:/МАКСим хижов/Test-main/main.cpp (155):

    153:     for(int i=0; i<10; i++)
    154:     {
=>  155:         txDeleteDC( queest[i].pic_answer1);
    156:         txDeleteDC( queest[i].pic_answer2);
    157:         txDeleteDC( queest[i].pic_answer3);

--------------------------------------------------
Стек вызовов TX:

# 0 in bool {anonymous}::TX::_txBuffer_Delete(HDC__**) at c:\codeblocks\codeblocks\mingw\include\txlib.h (10851):

  10849: $1  if (_TX_ARGUMENT_FAILED (dc)) return false;
  10850: $   if (                   !*dc)  return false;
=>10851: $   if (_TX_HDC_FAILED     (*dc)) return false;
  10852: 
  10853: $   if (!Win32::GetObjectType (Win32::GetCurrentObject (*dc, OBJ_BITMAP))) return false;

# 1 in bool {anonymous}::TX::txDeleteDC(HDC__**) at c:\codeblocks\codeblocks\mingw\include\txlib.h (13597):

  13595: 
  13596: $   HDC  dc = *pdc;
=>13597: $   bool ok = _txBuffer_Delete (pdc);
  13598: $   if (!ok) return false;
  13599: 

# 2 in bool {anonymous}::TX::txDeleteDC(HDC) at c:\codeblocks\codeblocks\mingw\include\txlib.h (13619):

  13617: bool txDeleteDC (HDC dc)
  13618:     {
=>13619: $1  return txDeleteDC (&dc);
  13620:     }
  13621: 

# 3 in int main() at D:\МАКСим хижов\Test-main\main.cpp (155):

    153:     for(int i=0; i<10; i++)
    154:     {
=>  155:         txDeleteDC( queest[i].pic_answer1);
    156:         txDeleteDC( queest[i].pic_answer2);
    157:         txDeleteDC( queest[i].pic_answer3);

--------------------------------------------------
Developed with:

The Dumb Artist Library (TX Library)
TXLib [Ver: 00173a, Rev: 171, Date: 2022-07-23 02:08:28 +0400]
Copyright (C) Ded (Ilya Dedinsky, http://txlib.ru) <mail@txlib.ru>
See license on: http://txlib.ru

TXLib file:	c:\codeblocks\codeblocks\mingw\include\txlib.h
Compiled:	May 29 2023 19:14:23, GNU g++ 4.8.1, std=201103L, MinGW Runtime 3.20, 32-bit, DEBUG
Started:	May 29 2023 19:14:41

Run file:	D:\МАКСим хижов\Test-main\main.exe
Directory:	D:\МАКСим хижов\Test-main

--------------------------------------------------

--------------------------------------------------
TXLib соболезнует...

Программа: D:\МАКСим хижов\Test-main\main.exe, файл: c:\codeblocks\codeblocks\mingw\include\txlib.h, строка: 10851, функция: bool {anonymous}::TX::_txBuffer_Delete(HDC__**),

Сообщение: Параметр "*dc" неверен. Возможно, этот холст не создан, или уже уничтожен, или не загрузилась картинка.

#1: TXLib [Ver: 00173a, Rev: 171, Date: 2022-07-23 02:08:28 +0400], Instance: 0x005062FC (32-bit), Flags: CMdRe0, Thread: 0x2AE8 (Main), GetLastError(): 13 (Недопустимые данные). 

--------------------------------------------------
Стек вызовов:

# 0 0x0041075E in D:\МАКСим хижов\Test-main\main.exe: _txBuffer_Delete() at c:/codeblocks/codeblocks/mingw/include/txlib.h (10851)
# 1 0x00421DB7 in D:\МАКСим хижов\Test-main\main.exe: txDeleteDC() at c:/codeblocks/codeblocks/mingw/include/txlib.h (13597)
# 2 0x00422027 in D:\МАКСим хижов\Test-main\main.exe: txDeleteDC() at c:/codeblocks/codeblocks/mingw/include/txlib.h (13619)

# 3 0x0042CAD7 in D:\МАКСим хижов\Test-main\main.exe: main() at D:/МАКСим хижов/Test-main/main.cpp (155):

    153:     for(int i=0; i<10; i++)
    154:     {
=>  155:         txDeleteDC( queest[i].pic_answer1);
    156:         txDeleteDC( queest[i].pic_answer2);
    157:         txDeleteDC( queest[i].pic_answer3);

--------------------------------------------------
Стек вызовов TX:

# 0 in bool {anonymous}::TX::_txBuffer_Delete(HDC__**) at c:\codeblocks\codeblocks\mingw\include\txlib.h (10851):

  10849: $1  if (_TX_ARGUMENT_FAILED (dc)) return false;
  10850: $   if (                   !*dc)  return false;
=>10851: $   if (_TX_HDC_FAILED     (*dc)) return false;
  10852: 
  10853: $   if (!Win32::GetObjectType (Win32::GetCurrentObject (*dc, OBJ_BITMAP))) return false;

# 1 in bool {anonymous}::TX::txDeleteDC(HDC__**) at c:\codeblocks\codeblocks\mingw\include\txlib.h (13597):

  13595: 
  13596: $   HDC  dc = *pdc;
=>13597: $   bool ok = _txBuffer_Delete (pdc);
  13598: $   if (!ok) return false;
  13599: 

# 2 in bool {anonymous}::TX::txDeleteDC(HDC) at c:\codeblocks\codeblocks\mingw\include\txlib.h (13619):

  13617: bool txDeleteDC (HDC dc)
  13618:     {
=>13619: $1  return txDeleteDC (&dc);
  13620:     }
  13621: 

# 3 in int main() at D:\МАКСим хижов\Test-main\main.cpp (155):

    153:     for(int i=0; i<10; i++)
    154:     {
=>  155:         txDeleteDC( queest[i].pic_answer1);
    156:         txDeleteDC( queest[i].pic_answer2);
    157:         txDeleteDC( queest[i].pic_answer3);

--------------------------------------------------
Developed with:

The Dumb Artist Library (TX Library)
TXLib [Ver: 00173a, Rev: 171, Date: 2022-07-23 02:08:28 +0400]
Copyright (C) Ded (Ilya Dedinsky, http://txlib.ru) <mail@txlib.ru>
See license on: http://txlib.ru

TXLib file:	c:\codeblocks\codeblocks\mingw\include\txlib.h
Compiled:	May 29 2023 19:15:21, GNU g++ 4.8.1, std=201103L, MinGW Runtime 3.20, 32-bit, DEBUG
Started:	May 29 2023 19:15:39

Run file:	D:\МАКСим хижов\Test-main\main.exe
Directory:	D:\МАКСим хижов\Test-main

--------------------------------------------------
